2017-10-11 오후 11:36:35	이 로그에는 사용자 'com'이(가) 컴퓨터 'COM-PC'의 프로젝트 'HyunWoo'(으)로 스키마를 가져오는 작업에 대한 정보가 들어 있습니다.
2017-10-11 오후 11:36:35	데이터베이스 스키마 가져오기를 시작했습니다.
2017-10-11 오후 11:36:36	데이터베이스 옵션을 모으고 있습니다.
2017-10-11 오후 11:36:36	사용자를 모으고 있습니다.
2017-10-11 오후 11:36:36	역할을 모으고 있습니다.
2017-10-11 오후 11:36:36	응용 프로그램 역할을 모으고 있습니다.
2017-10-11 오후 11:36:36	역할 멤버 자격을 모으고 있습니다.
2017-10-11 오후 11:36:36	파일 그룹을 모으고 있습니다.
2017-10-11 오후 11:36:36	전체 텍스트 카탈로그를 모으고 있습니다.
2017-10-11 오후 11:36:36	어셈블리를 모으고 있습니다.
2017-10-11 오후 11:36:36	인증서를 모으고 있습니다.
2017-10-11 오후 11:36:36	비대칭 키를 모으고 있습니다.
2017-10-11 오후 11:36:36	대칭 키를 모으고 있습니다.
2017-10-11 오후 11:36:36	암호화된 대칭 키를 모으고 있습니다.
2017-10-11 오후 11:36:36	스키마를 모으고 있습니다.
2017-10-11 오후 11:36:36	XML 스키마 컬렉션을 모으고 있습니다.
2017-10-11 오후 11:36:36	사용자 정의 데이터 형식을 모으고 있습니다.
2017-10-11 오후 11:36:36	사용자 정의 유형을 모으고 있습니다.
2017-10-11 오후 11:36:36	테이블 형식을 모으고 있습니다.
2017-10-11 오후 11:36:36	테이블 형식에 대한 고유 키를 모으고 있습니다.
2017-10-11 오후 11:36:36	테이블 형식에 대한 기본 키를 모으고 있습니다.
2017-10-11 오후 11:36:36	테이블 형식에 대해 인덱스를 모으는 중
2017-10-11 오후 11:36:36	테이블 형식에 대한 CHECK 제약 조건을 모으고 있습니다.
2017-10-11 오후 11:36:36	테이블 형식에 대한 DEFAULT 제약 조건을 모으고 있습니다.
2017-10-11 오후 11:36:36	파티션 함수를 모으고 있습니다.
2017-10-11 오후 11:36:36	파티션 구성표를 모으고 있습니다.
2017-10-11 오후 11:36:36	함수를 모으고 있습니다.
2017-10-11 오후 11:36:36	암호화된 함수를 모으고 있습니다.
2017-10-11 오후 11:36:36	집계를 모으고 있습니다.
2017-10-11 오후 11:36:36	프로시저를 모으고 있습니다.
2017-10-11 오후 11:36:36	암호화된 프로시저를 모으고 있습니다.
2017-10-11 오후 11:36:36	테이블을 모으고 있습니다.
2017-10-11 오후 11:36:36	기본 키를 모으고 있습니다.
2017-10-11 오후 11:36:36	UNIQUE 제약 조건을 모으고 있습니다.
2017-10-11 오후 11:36:36	외래 키를 모으고 있습니다.
2017-10-11 오후 11:36:36	DEFAULT 제약 조건을 모으고 있습니다.
2017-10-11 오후 11:36:36	CHECK 제약 조건을 모으고 있습니다.
2017-10-11 오후 11:36:36	뷰를 모으고 있습니다.
2017-10-11 오후 11:36:36	암호화된 뷰를 모으고 있습니다.
2017-10-11 오후 11:36:37	인덱스를 모으고 있습니다.
2017-10-11 오후 11:36:37	통계를 모으고 있습니다.
2017-10-11 오후 11:36:37	전체 텍스트 인덱스 중지 목록을 모으고 있습니다.
2017-10-11 오후 11:36:37	검색 속성 목록을 모으고 있습니다.
2017-10-11 오후 11:36:37	검색 속성을 모으고 있습니다.
2017-10-11 오후 11:36:37	전체 텍스트 인덱스를 모으고 있습니다.
2017-10-11 오후 11:36:37	열 저장 인덱스를 가져오고 있습니다.
2017-10-11 오후 11:36:37	공간 인덱스를 모으고 있습니다.
2017-10-11 오후 11:36:37	XML 인덱스를 모으고 있습니다.
2017-10-11 오후 11:36:37	선택적 XML 인덱스를 모으고 있습니다.
2017-10-11 오후 11:36:37	암호화된 트리거를 모으고 있습니다.
2017-10-11 오후 11:36:37	트리거를 모으고 있습니다.
2017-10-11 오후 11:36:37	암호화 및 clr ddl 트리거를 모으고 있습니다.
2017-10-11 오후 11:36:37	ddl 트리거를 모으고 있습니다.
2017-10-11 오후 11:36:37	동의어를 모으고 있습니다.
2017-10-11 오후 11:36:37	기본값을 모으고 있습니다.
2017-10-11 오후 11:36:37	데이터 제약 조건 uddt 바인딩을 모으고 있습니다.
2017-10-11 오후 11:36:37	규칙을 모으고 있습니다.
2017-10-11 오후 11:36:37	데이터 제약 조건 uddt 바인딩을 모으고 있습니다.
2017-10-11 오후 11:36:37	메시지 유형을 모으고 있습니다.
2017-10-11 오후 11:36:37	큐를 모으고 있습니다.
2017-10-11 오후 11:36:37	계약을 모으고 있습니다.
2017-10-11 오후 11:36:37	서비스를 모으고 있습니다.
2017-10-11 오후 11:36:37	이벤트 알림을 모으고 있습니다.
2017-10-11 오후 11:36:37	원격 서비스 바인딩을 모으고 있습니다.
2017-10-11 오후 11:36:37	Broker 우선 순위를 모으고 있습니다.
2017-10-11 오후 11:36:37	서명을 모으고 있습니다.
2017-10-11 오후 11:36:37	데이터 압축 옵션을 모으고 있습니다.
2017-10-11 오후 11:36:37	시퀀스 유형을 모으고 있습니다.
2017-10-11 오후 11:36:37	확장 속성을 모으고 있습니다.
2017-10-11 오후 11:36:37	자격 증명을 모으고 있습니다.
2017-10-11 오후 11:36:37	로그인을 모으고 있습니다.
2017-10-11 오후 11:36:37	서버 감사를 모으고 있습니다.
2017-10-11 오후 11:36:37	프로젝트에서 중복 요소를 검색하고 있습니다.
2017-10-11 오후 11:36:37	중복 요소를 처리했습니다.
2017-10-11 오후 11:36:37	데이터베이스 가져오기를 완료했습니다.
2017-10-11 오후 11:36:37	가져오기 요약 정보가 다음 위치에 저장되었습니다. D:\GitRepository\LocalTestDb\HyunWoo\스키마 로그 가져오기\HyunWoo_20171011023635.log
2017-10-11 오후 11:36:37	계속하려면 [마침]을 클릭하십시오....
